<?xml version="1.0" encoding="UTF-8"?>
<coverage generated="1647476962704" clover="3.2.0">
  <project timestamp="1647476962704" name="All files">
    <metrics statements="18" coveredstatements="10" conditionals="6" coveredconditionals="4" methods="5" coveredmethods="2" elements="29" coveredelements="16" complexity="0" loc="18" ncloc="18" packages="1" files="2" classes="2"/>
    <file name="grocery.js" path="C:\Code\WhatsForDinner\public\js\grocery.js">
      <metrics statements="14" coveredstatements="6" conditionals="2" coveredconditionals="0" methods="4" coveredmethods="1"/>
      <line num="3" count="1" type="stmt"/>
      <line num="4" count="1" type="stmt"/>
      <line num="5" count="1" type="stmt"/>
      <line num="8" count="1" type="stmt"/>
      <line num="11" count="0" type="stmt"/>
      <line num="19" count="0" type="stmt"/>
      <line num="23" count="0" type="stmt"/>
      <line num="26" count="0" type="stmt"/>
      <line num="28" count="0" type="stmt"/>
      <line num="29" count="0" type="cond" truecount="0" falsecount="2"/>
      <line num="33" count="0" type="stmt"/>
      <line num="34" count="0" type="stmt"/>
      <line num="39" count="1" type="stmt"/>
      <line num="42" count="1" type="stmt"/>
    </file>
    <file name="login.js" path="C:\Code\WhatsForDinner\public\js\login.js">
      <metrics statements="4" coveredstatements="4" conditionals="4" coveredconditionals="4" methods="1" coveredmethods="1"/>
      <line num="4" count="2" type="cond" truecount="4" falsecount="0"/>
      <line num="5" count="1" type="stmt"/>
      <line num="8" count="1" type="stmt"/>
      <line num="11" count="1" type="stmt"/>
    </file>
  </project>
</coverage>
