{"C:\\Code\\WhatsForDinner\\public\\js\\grocery.js": {"path":"C:\\Code\\WhatsForDinner\\public\\js\\grocery.js","statementMap":{"0":{"start":{"line":3,"column":20},"end":{"line":3,"column":38}},"1":{"start":{"line":4,"column":16},"end":{"line":4,"column":25}},"2":{"start":{"line":5,"column":18},"end":{"line":5,"column":34}},"3":{"start":{"line":8,"column":4},"end":{"line":37,"column":7}},"4":{"start":{"line":11,"column":23},"end":{"line":16,"column":9}},"5":{"start":{"line":19,"column":8},"end":{"line":36,"column":11}},"6":{"start":{"line":23,"column":26},"end":{"line":23,"column":45}},"7":{"start":{"line":26,"column":12},"end":{"line":35,"column":19}},"8":{"start":{"line":28,"column":20},"end":{"line":28,"column":40}},"9":{"start":{"line":29,"column":20},"end":{"line":29,"column":45}},"10":{"start":{"line":29,"column":29},"end":{"line":29,"column":45}},"11":{"start":{"line":33,"column":20},"end":{"line":33,"column":38}},"12":{"start":{"line":34,"column":20},"end":{"line":34,"column":32}},"13":{"start":{"line":39,"column":4},"end":{"line":39,"column":16}},"14":{"start":{"line":42,"column":0},"end":{"line":42,"column":27}}},"fnMap":{"0":{"name":"createList","decl":{"start":{"line":2,"column":9},"end":{"line":2,"column":19}},"loc":{"start":{"line":2,"column":30},"end":{"line":40,"column":1}},"line":2},"1":{"name":"(anonymous_1)","decl":{"start":{"line":8,"column":17},"end":{"line":8,"column":18}},"loc":{"start":{"line":8,"column":37},"end":{"line":37,"column":5}},"line":8},"2":{"name":"(anonymous_2)","decl":{"start":{"line":19,"column":30},"end":{"line":19,"column":31}},"loc":{"start":{"line":19,"column":45},"end":{"line":36,"column":9}},"line":19},"3":{"name":"(anonymous_3)","decl":{"start":{"line":27,"column":16},"end":{"line":27,"column":17}},"loc":{"start":{"line":27,"column":40},"end":{"line":35,"column":17}},"line":27}},"branchMap":{"0":{"loc":{"start":{"line":29,"column":20},"end":{"line":29,"column":45}},"type":"if","locations":[{"start":{"line":29,"column":20},"end":{"line":29,"column":45}},{"start":{},"end":{}}],"line":29}},"s":{"0":1,"1":1,"2":1,"3":1,"4":0,"5":0,"6":0,"7":0,"8":0,"9":0,"10":0,"11":0,"12":0,"13":1,"14":1},"f":{"0":1,"1":0,"2":0,"3":0},"b":{"0":[0,0]},"_coverageSchema":"1a1c01bbd47fc00a2c39e90264f33305004495a9","hash":"03b4a4dca87e13e03562d45808bcb65a78b6b945"}
,"C:\\Code\\WhatsForDinner\\public\\js\\login.js": {"path":"C:\\Code\\WhatsForDinner\\public\\js\\login.js","statementMap":{"0":{"start":{"line":4,"column":4},"end":{"line":8,"column":20}},"1":{"start":{"line":5,"column":8},"end":{"line":5,"column":19}},"2":{"start":{"line":8,"column":8},"end":{"line":8,"column":20}},"3":{"start":{"line":11,"column":0},"end":{"line":11,"column":29}}},"fnMap":{"0":{"name":"isValidLogin","decl":{"start":{"line":3,"column":9},"end":{"line":3,"column":21}},"loc":{"start":{"line":3,"column":42},"end":{"line":9,"column":1}},"line":3}},"branchMap":{"0":{"loc":{"start":{"line":4,"column":4},"end":{"line":8,"column":20}},"type":"if","locations":[{"start":{"line":4,"column":4},"end":{"line":8,"column":20}},{"start":{"line":8,"column":8},"end":{"line":8,"column":20}}],"line":4},"1":{"loc":{"start":{"line":4,"column":8},"end":{"line":4,"column":55}},"type":"binary-expr","locations":[{"start":{"line":4,"column":8},"end":{"line":4,"column":28}},{"start":{"line":4,"column":32},"end":{"line":4,"column":55}}],"line":4}},"s":{"0":2,"1":1,"2":1,"3":1},"f":{"0":2},"b":{"0":[1,1],"1":[2,1]},"_coverageSchema":"1a1c01bbd47fc00a2c39e90264f33305004495a9","hash":"90fd8758127fab04c22fa98f383cdf3b175f2042"}
,"C:\\Code\\WhatsForDinner\\public\\js\\recipe.js": {"path":"C:\\Code\\WhatsForDinner\\public\\js\\recipe.js","statementMap":{"0":{"start":{"line":7,"column":22},"end":{"line":10,"column":5}},"1":{"start":{"line":12,"column":14},"end":{"line":12,"column":31}},"2":{"start":{"line":13,"column":4},"end":{"line":13,"column":21}},"3":{"start":{"line":15,"column":4},"end":{"line":15,"column":29}},"4":{"start":{"line":18,"column":0},"end":{"line":18,"column":26}}},"fnMap":{"0":{"name":"getRecipe","decl":{"start":{"line":5,"column":9},"end":{"line":5,"column":18}},"loc":{"start":{"line":5,"column":26},"end":{"line":16,"column":1}},"line":5}},"branchMap":{},"s":{"0":2,"1":2,"2":2,"3":2,"4":1},"f":{"0":2},"b":{},"_coverageSchema":"1a1c01bbd47fc00a2c39e90264f33305004495a9","hash":"785aea8d196874b27535627497491ec74df77a56"}
}
