TN:
SF:public\js\grocery.js
FN:2,createList
FN:8,(anonymous_1)
FN:19,(anonymous_2)
FN:27,(anonymous_3)
FNF:4
FNH:1
FNDA:1,createList
FNDA:0,(anonymous_1)
FNDA:0,(anonymous_2)
FNDA:0,(anonymous_3)
DA:3,1
DA:4,1
DA:5,1
DA:8,1
DA:11,0
DA:19,0
DA:23,0
DA:26,0
DA:28,0
DA:29,0
DA:33,0
DA:34,0
DA:39,1
DA:42,1
LF:14
LH:6
BRDA:29,0,0,0
BRDA:29,0,1,0
BRF:2
BRH:0
end_of_record
TN:
SF:public\js\login.js
FN:3,isValidLogin
FNF:1
FNH:1
FNDA:2,isValidLogin
DA:4,2
DA:5,1
DA:8,1
DA:11,1
LF:4
LH:4
BRDA:4,0,0,1
BRDA:4,0,1,1
BRDA:4,1,0,2
BRDA:4,1,1,1
BRF:4
BRH:4
end_of_record
TN:
SF:public\js\recipe.js
FN:5,getRecipe
FNF:1
FNH:1
FNDA:2,getRecipe
DA:7,2
DA:12,2
DA:13,2
DA:15,2
DA:18,1
LF:5
LH:5
BRF:0
BRH:0
end_of_record
